<?xml version="1.0" encoding="UTF-8"?>
<!-- Generated by org.testng.reporters.JUnitXMLReporter -->
<testsuite ignored="0" hostname="DESKTOP-NEPHUEL" failures="0" tests="3" name="Default test" time="0.078" errors="0" timestamp="2025-05-20T13:04:39 IST">
  <testcase classname="com.TestCase.Login" name="testInvalid" time="0.011"/>
  <testcase classname="com.TestCase.Login" name="testSymbol" time="0.003"/>
  <testcase classname="com.TestCase.Login" name="testvalid" time="0.001"/>
</testsuite> <!-- Default test -->
