<?xml version="1.0" encoding="UTF-8"?>
<!-- Generated by org.testng.reporters.JUnitXMLReporter -->
<testsuite ignored="0" hostname="DESKTOP-NEPHUEL" failures="0" tests="5" name="Test" time="0.091" errors="0" timestamp="2025-05-20T13:13:24 IST">
  <testcase classname="com.TestCase.Register" name="testData" time="0.015"/>
  <testcase classname="com.TestCase.Register" name="testRegisterdata" time="0.002"/>
  <testcase classname="com.TestCase.Login" name="testInvalid" time="0.001"/>
  <testcase classname="com.TestCase.Login" name="testSymbol" time="0.002"/>
  <testcase classname="com.TestCase.Login" name="testvalid" time="0.003"/>
</testsuite> <!-- Test -->
