<?xml version="1.0" encoding="UTF-8"?>
<testng-results ignored="0" total="5" passed="5" failed="0" skipped="0">
  <reporter-output>
  </reporter-output>
  <suite started-at="2025-05-20T13:13:24 IST" name="Suite" finished-at="2025-05-20T13:13:24 IST" duration-ms="91">
    <groups>
    </groups>
    <test started-at="2025-05-20T13:13:24 IST" name="Test" finished-at="2025-05-20T13:13:24 IST" duration-ms="91">
      <class name="com.TestCase.Register">
        <test-method signature="testData()[pri:0, instance:com.TestCase.Register@55b699ef]" started-at="2025-05-20T13:13:24 IST" name="testData" finished-at="2025-05-20T13:13:24 IST" duration-ms="15" status="PASS">
          <reporter-output>
          </reporter-output>
        </test-method> <!-- testData -->
        <test-method signature="testRegisterdata()[pri:0, instance:com.TestCase.Register@55b699ef]" started-at="2025-05-20T13:13:24 IST" name="testRegisterdata" finished-at="2025-05-20T13:13:24 IST" duration-ms="2" status="PASS">
          <reporter-output>
          </reporter-output>
        </test-method> <!-- testRegisterdata -->
      </class> <!-- com.TestCase.Register -->
      <class name="com.TestCase.Login">
        <test-method signature="testInvalid()[pri:0, instance:com.TestCase.Login@3023df74]" started-at="2025-05-20T13:13:24 IST" name="testInvalid" finished-at="2025-05-20T13:13:24 IST" duration-ms="1" status="PASS">
          <reporter-output>
          </reporter-output>
        </test-method> <!-- testInvalid -->
        <test-method signature="testSymbol()[pri:0, instance:com.TestCase.Login@3023df74]" started-at="2025-05-20T13:13:24 IST" name="testSymbol" finished-at="2025-05-20T13:13:24 IST" duration-ms="2" status="PASS">
          <reporter-output>
          </reporter-output>
        </test-method> <!-- testSymbol -->
        <test-method signature="testvalid()[pri:0, instance:com.TestCase.Login@3023df74]" started-at="2025-05-20T13:13:24 IST" name="testvalid" finished-at="2025-05-20T13:13:24 IST" duration-ms="3" status="PASS">
          <reporter-output>
          </reporter-output>
        </test-method> <!-- testvalid -->
      </class> <!-- com.TestCase.Login -->
    </test> <!-- Test -->
  </suite> <!-- Suite -->
</testng-results>
